<?xml version="1.0" encoding="UTF-8"?>
<testng-results ignored="0" total="1" passed="1" failed="0" skipped="0">
  <reporter-output>
  </reporter-output>
  <suite started-at="2024-06-01T17:20:43 IST" name="Default suite" finished-at="2024-06-01T17:20:45 IST" duration-ms="2259">
    <groups>
    </groups>
    <test started-at="2024-06-01T17:20:43 IST" name="Default test" finished-at="2024-06-01T17:20:45 IST" duration-ms="2259">
      <class name="com.typicode.fancode.test.TodoTasks">
        <test-method signature="test()[pri:0, instance:com.typicode.fancode.test.TodoTasks@4229bb3f]" started-at="2024-06-01T17:20:43 IST" name="test" finished-at="2024-06-01T17:20:45 IST" duration-ms="2236" status="PASS">
          <reporter-output>
          </reporter-output>
        </test-method> <!-- test -->
      </class> <!-- com.typicode.fancode.test.TodoTasks -->
    </test> <!-- Default test -->
  </suite> <!-- Default suite -->
</testng-results>
